This is pdfTeX, Version 3.14159265-2.6-1.40.18 (TeX Live 2017/Debian) (preloaded format=pdflatex 2020.3.6)  6 MAR 2020 11:41
entering extended mode
 restricted \write18 enabled.
 %&-line parsing enabled.
**algorithms.tex
(./algorithms.tex
LaTeX2e <2017-04-15>
Babel <3.18> and hyphenation patterns for 5 language(s) loaded.
(/usr/share/texlive/texmf-dist/tex/latex/base/book.cls
Document Class: book 2014/09/29 v1.4h Standard LaTeX document class
(/usr/share/texlive/texmf-dist/tex/latex/base/bk11.clo
File: bk11.clo 2014/09/29 v1.4h Standard LaTeX file (size option)
)
\c@part=\count79
\c@chapter=\count80
\c@section=\count81
\c@subsection=\count82
\c@subsubsection=\count83
\c@paragraph=\count84
\c@subparagraph=\count85
\c@figure=\count86
\c@table=\count87
\abovecaptionskip=\skip41
\belowcaptionskip=\skip42
\bibindent=\dimen102
)
(/usr/share/texlive/texmf-dist/tex/latex/amsmath/amsmath.sty
Package: amsmath 2017/09/02 v2.17a AMS math features
\@mathmargin=\skip43

For additional information on amsmath, use the `?' option.
(/usr/share/texlive/texmf-dist/tex/latex/amsmath/amstext.sty
Package: amstext 2000/06/29 v2.01 AMS text

(/usr/share/texlive/texmf-dist/tex/latex/amsmath/amsgen.sty
File: amsgen.sty 1999/11/30 v2.0 generic functions
\@emptytoks=\toks14
\ex@=\dimen103
))
(/usr/share/texlive/texmf-dist/tex/latex/amsmath/amsbsy.sty
Package: amsbsy 1999/11/29 v1.2d Bold Symbols
\pmbraise@=\dimen104
)
(/usr/share/texlive/texmf-dist/tex/latex/amsmath/amsopn.sty
Package: amsopn 2016/03/08 v2.02 operator names
)
\inf@bad=\count88
LaTeX Info: Redefining \frac on input line 213.
\uproot@=\count89
\leftroot@=\count90
LaTeX Info: Redefining \overline on input line 375.
\classnum@=\count91
\DOTSCASE@=\count92
LaTeX Info: Redefining \ldots on input line 472.
LaTeX Info: Redefining \dots on input line 475.
LaTeX Info: Redefining \cdots on input line 596.
\Mathstrutbox@=\box26
\strutbox@=\box27
\big@size=\dimen105
LaTeX Font Info:    Redeclaring font encoding OML on input line 712.
LaTeX Font Info:    Redeclaring font encoding OMS on input line 713.
\macc@depth=\count93
\c@MaxMatrixCols=\count94
\dotsspace@=\muskip10
\c@parentequation=\count95
\dspbrk@lvl=\count96
\tag@help=\toks15
\row@=\count97
\column@=\count98
\maxfields@=\count99
\andhelp@=\toks16
\eqnshift@=\dimen106
\alignsep@=\dimen107
\tagshift@=\dimen108
\tagwidth@=\dimen109
\totwidth@=\dimen110
\lineht@=\dimen111
\@envbody=\toks17
\multlinegap=\skip44
\multlinetaggap=\skip45
\mathdisplay@stack=\toks18
LaTeX Info: Redefining \[ on input line 2817.
LaTeX Info: Redefining \] on input line 2818.
)
(/usr/share/texlive/texmf-dist/tex/latex/mathtools/mathtools.sty
Package: mathtools 2018/01/08 v1.21 mathematical typesetting tools

(/usr/share/texlive/texmf-dist/tex/latex/graphics/keyval.sty
Package: keyval 2014/10/28 v1.15 key=value parser (DPC)
\KV@toks@=\toks19
)
(/usr/share/texlive/texmf-dist/tex/latex/tools/calc.sty
Package: calc 2014/10/28 v4.3 Infix arithmetic (KKT,FJ)
\calc@Acount=\count100
\calc@Bcount=\count101
\calc@Adimen=\dimen112
\calc@Bdimen=\dimen113
\calc@Askip=\skip46
\calc@Bskip=\skip47
LaTeX Info: Redefining \setlength on input line 80.
LaTeX Info: Redefining \addtolength on input line 81.
\calc@Ccount=\count102
\calc@Cskip=\skip48
)
(/usr/share/texlive/texmf-dist/tex/latex/mathtools/mhsetup.sty
Package: mhsetup 2017/03/31 v1.3 programming setup (MH)
)
LaTeX Info: Thecontrolsequence`\('isalreadyrobust on input line 129.
LaTeX Info: Thecontrolsequence`\)'isalreadyrobust on input line 129.
LaTeX Info: Thecontrolsequence`\['isalreadyrobust on input line 129.
LaTeX Info: Thecontrolsequence`\]'isalreadyrobust on input line 129.
\g_MT_multlinerow_int=\count103
\l_MT_multwidth_dim=\dimen114
\origjot=\skip49
\l_MT_shortvdotswithinadjustabove_dim=\dimen115
\l_MT_shortvdotswithinadjustbelow_dim=\dimen116
\l_MT_above_intertext_sep=\dimen117
\l_MT_below_intertext_sep=\dimen118
\l_MT_above_shortintertext_sep=\dimen119
\l_MT_below_shortintertext_sep=\dimen120
)
(/usr/share/texlive/texmf-dist/tex/latex/tools/verbatim.sty
Package: verbatim 2014/10/28 v1.5q LaTeX2e package for verbatim enhancements
\every@verbatim=\toks20
\verbatim@line=\toks21
\verbatim@in@stream=\read1
)
(/home/massallia/texmf/tex/latex/qtree/qtree.sty
Package: 2008/12/12 v.3.1bQtree: tree-drawing for linguistics
Package: qtree 2008/12/12 v.3.1bQtree: tree-drawing for linguistics
(/usr/share/texlive/texmf-dist/tex/latex/pict2e/pict2e.sty
Package: pict2e 2016/02/05 v0.3b Improved picture commands (HjG,RN,JT)

(/usr/share/texlive/texmf-dist/tex/latex/pict2e/pict2e.cfg
File: pict2e.cfg 2016/02/05 v0.1u pict2e configuration for teTeX/TeXLive
)
Package pict2e Info: Driver file: pdftex.def on input line 119.

(/usr/share/texlive/texmf-dist/tex/latex/graphics-def/pdftex.def
File: pdftex.def 2018/01/08 v1.0l Graphics/color driver for pdftex
)
Package pict2e Info: Driver file for pict2e: p2e-pdftex.def on input line 121.

(/usr/share/texlive/texmf-dist/tex/latex/pict2e/p2e-pdftex.def
File: p2e-pdftex.def 2016/02/05 v0.1u Driver-dependant file (RN,HjG,JT)
)
(/usr/share/texlive/texmf-dist/tex/latex/graphics/trig.sty
Package: trig 2016/01/03 v1.10 sin cos tan (DPC)
)
\pIIe@GRAPH=\toks22
\@arclen=\dimen121
\@arcrad=\dimen122
\@tempdimd=\dimen123
)
\c@treecount=\count104
\c@branchcount=\count105
\parentbox=\box28
\treebox=\box29
\treeboxone=\box30
\treeboxtwo=\box31
\treeboxthree=\box32
\treeboxfour=\box33
\treeboxfive=\box34
\treeboxsix=\box35
\treeboxseven=\box36
\treeboxeight=\box37
\treeboxnine=\box38
\treeboxten=\box39
\treeboxeleven=\box40
\treeboxtwelve=\box41
\treeboxthirteen=\box42
\treeboxfourteen=\box43
\treeboxfifteen=\box44
\treeboxsixteen=\box45
\treeboxseventeen=\box46
\treeboxeighteen=\box47
\treeboxnineteen=\box48
\treeboxtwenty=\box49
\treeoffsetone=\skip50
\treeoffsettwo=\skip51
\treeoffsetthree=\skip52
\treeoffsetfour=\skip53
\treeoffsetfive=\skip54
\treeoffsetsix=\skip55
\treeoffsetseven=\skip56
\treeoffseteight=\skip57
\treeoffsetnine=\skip58
\treeoffsetten=\skip59
\treeoffseteleven=\skip60
\treeoffsettwelve=\skip61
\treeoffsetthirteen=\skip62
\treeoffsetfourteen=\skip63
\treeoffsetfifteen=\skip64
\treeoffsetsixteen=\skip65
\treeoffsetseventeen=\skip66
\treeoffseteighteen=\skip67
\treeoffsetnineteen=\skip68
\treeoffsettwenty=\skip69
\treeshiftone=\skip70
\treeshifttwo=\skip71
\treeshiftthree=\skip72
\treeshiftfour=\skip73
\treeshiftfive=\skip74
\treeshiftsix=\skip75
\treeshiftseven=\skip76
\treeshifteight=\skip77
\treeshiftnine=\skip78
\treeshiftten=\skip79
\treeshifteleven=\skip80
\treeshifttwelve=\skip81
\treeshiftthirteen=\skip82
\treeshiftfourteen=\skip83
\treeshiftfifteen=\skip84
\treeshiftsixteen=\skip85
\treeshiftseventeen=\skip86
\treeshifteighteen=\skip87
\treeshiftnineteen=\skip88
\treeshifttwenty=\skip89
\treewidthone=\skip90
\treewidthtwo=\skip91
\treewidththree=\skip92
\treewidthfour=\skip93
\treewidthfive=\skip94
\treewidthsix=\skip95
\treewidthseven=\skip96
\treewidtheight=\skip97
\treewidthnine=\skip98
\treewidthten=\skip99
\treewidtheleven=\skip100
\treewidthtwelve=\skip101
\treewidththirteen=\skip102
\treewidthfourteen=\skip103
\treewidthfifteen=\skip104
\treewidthsixteen=\skip105
\treewidthseventeen=\skip106
\treewidtheighteen=\skip107
\treewidthnineteen=\skip108
\treewidthtwenty=\skip109
\daughteroffsetone=\skip110
\daughteroffsettwo=\skip111
\daughteroffsetthree=\skip112
\daughteroffsetfour=\skip113
\branchwidthone=\skip114
\branchwidthtwo=\skip115
\branchwidththree=\skip116
\branchwidthfour=\skip117
\parentoffset=\skip118
\treeoffset=\skip119
\daughteroffset=\skip120
\branchwidth=\skip121
\parentwidth=\skip122
\treewidth=\skip123
\qta=\toks23
\qtb=\toks24
\nbranches=\count106
\qroofx=\count107
\qroofy=\count108
\@qrscratchbox=\box50
) (./algorithms.aux)
\openout1 = `algorithms.aux'.

LaTeX Font Info:    Checking defaults for OML/cmm/m/it on input line 11.
LaTeX Font Info:    ... okay on input line 11.
LaTeX Font Info:    Checking defaults for T1/cmr/m/n on input line 11.
LaTeX Font Info:    ... okay on input line 11.
LaTeX Font Info:    Checking defaults for OT1/cmr/m/n on input line 11.
LaTeX Font Info:    ... okay on input line 11.
LaTeX Font Info:    Checking defaults for OMS/cmsy/m/n on input line 11.
LaTeX Font Info:    ... okay on input line 11.
LaTeX Font Info:    Checking defaults for OMX/cmex/m/n on input line 11.
LaTeX Font Info:    ... okay on input line 11.
LaTeX Font Info:    Checking defaults for U/cmr/m/n on input line 11.
LaTeX Font Info:    ... okay on input line 11.
 (/usr/share/texlive/texmf-dist/tex/latex/graphics/graphicx.sty
Package: graphicx 2017/06/01 v1.1a Enhanced LaTeX Graphics (DPC,SPQR)

(/usr/share/texlive/texmf-dist/tex/latex/graphics/graphics.sty
Package: graphics 2017/06/25 v1.2c Standard LaTeX Graphics (DPC,SPQR)

(/usr/share/texlive/texmf-dist/tex/latex/graphics-cfg/graphics.cfg
File: graphics.cfg 2016/06/04 v1.11 sample graphics configuration
)
Package graphics Info: Driver file: pdftex.def on input line 99.
)
\Gin@req@height=\dimen124
\Gin@req@width=\dimen125
)
(/usr/share/texlive/texmf-dist/tex/context/base/mkii/supp-pdf.mkii
[Loading MPS to PDF converter (version 2006.09.02).]
\scratchcounter=\count109
\scratchdimen=\dimen126
\scratchbox=\box51
\nofMPsegments=\count110
\nofMParguments=\count111
\everyMPshowfont=\toks25
\MPscratchCnt=\count112
\MPscratchDim=\dimen127
\MPnumerator=\count113
\makeMPintoPDFobject=\count114
\everyMPtoPDFconversion=\toks26
) (/usr/share/texlive/texmf-dist/tex/latex/oberdiek/epstopdf-base.sty
Package: epstopdf-base 2016/05/15 v2.6 Base part for package epstopdf

(/usr/share/texlive/texmf-dist/tex/generic/oberdiek/infwarerr.sty
Package: infwarerr 2016/05/16 v1.4 Providing info/warning/error messages (HO)
)
(/usr/share/texlive/texmf-dist/tex/latex/oberdiek/grfext.sty
Package: grfext 2016/05/16 v1.2 Manage graphics extensions (HO)

(/usr/share/texlive/texmf-dist/tex/generic/oberdiek/kvdefinekeys.sty
Package: kvdefinekeys 2016/05/16 v1.4 Define keys (HO)

(/usr/share/texlive/texmf-dist/tex/generic/oberdiek/ltxcmds.sty
Package: ltxcmds 2016/05/16 v1.23 LaTeX kernel commands for general use (HO)
)))
(/usr/share/texlive/texmf-dist/tex/latex/oberdiek/kvoptions.sty
Package: kvoptions 2016/05/16 v3.12 Key value format for package options (HO)

(/usr/share/texlive/texmf-dist/tex/generic/oberdiek/kvsetkeys.sty
Package: kvsetkeys 2016/05/16 v1.17 Key value parser (HO)

(/usr/share/texlive/texmf-dist/tex/generic/oberdiek/etexcmds.sty
Package: etexcmds 2016/05/16 v1.6 Avoid name clashes with e-TeX commands (HO)

(/usr/share/texlive/texmf-dist/tex/generic/oberdiek/ifluatex.sty
Package: ifluatex 2016/05/16 v1.4 Provides the ifluatex switch (HO)
Package ifluatex Info: LuaTeX not detected.
)
Package etexcmds Info: Could not find \expanded.
(etexcmds)             That can mean that you are not using pdfTeX 1.50 or
(etexcmds)             that some package has redefined \expanded.
(etexcmds)             In the latter case, load this package earlier.
)))
(/usr/share/texlive/texmf-dist/tex/generic/oberdiek/pdftexcmds.sty
Package: pdftexcmds 2018/01/21 v0.26 Utility functions of pdfTeX for LuaTeX (HO
)

(/usr/share/texlive/texmf-dist/tex/generic/oberdiek/ifpdf.sty
Package: ifpdf 2017/03/15 v3.2 Provides the ifpdf switch
)
Package pdftexcmds Info: LuaTeX not detected.
Package pdftexcmds Info: \pdf@primitive is available.
Package pdftexcmds Info: \pdf@ifprimitive is available.
Package pdftexcmds Info: \pdfdraftmode found.
)
Package epstopdf-base Info: Redefining graphics rule for `.eps' on input line 4
38.
Package grfext Info: Graphics extension search list:
(grfext)             [.pdf,.png,.jpg,.mps,.jpeg,.jbig2,.jb2,.PDF,.PNG,.JPG,.JPE
G,.JBIG2,.JB2,.eps]
(grfext)             \AppendGraphicsExtensions on input line 456.

(/usr/share/texlive/texmf-dist/tex/latex/latexconfig/epstopdf-sys.cfg
File: epstopdf-sys.cfg 2010/07/13 v1.3 Configuration of (r)epstopdf for TeX Liv
e
))
[1


{/var/lib/texmf/fonts/map/pdftex/updmap/pdftex.map}] [2

]
Chapter 1.
File: algorithms/02-merge_sort.cverbatim  (verbatim)
[3] [4]
Chapter 2.

Overfull \hbox (14.15993pt too wide) in paragraph at lines 40--40
 \OT1/cmr/bx/n/10.95 Func-tions de-fined on $\OML/cmm/m/it/10.95 IN \OT1/cmr/m/
n/10.95 = \OMS/cmsy/m/n/10.95 f\OT1/cmr/m/n/10.95 0\OML/cmm/m/it/10.95 ; \OT1/c
mr/m/n/10.95 1\OML/cmm/m/it/10.95 ; \OT1/cmr/m/n/10.95 2\OML/cmm/m/it/10.95 ; \
OT1/cmr/m/n/10.95 3\OML/cmm/m/it/10.95 ; :::\OMS/cmsy/m/n/10.95 g\OML/cmm/m/it/
10.95 ; f\OT1/cmr/m/n/10.95 (\OML/cmm/m/it/10.95 n\OT1/cmr/m/n/10.95 ) = \OML/c
mm/m/it/10.95 an[] \OT1/cmr/m/n/10.95 + \OML/cmm/m/it/10.95 bn \OT1/cmr/m/n/10.
95 + \OML/cmm/m/it/10.95 c \OMS/cmsy/m/n/10.95 ! \OT1/cmr/m/n/10.95 ^^B(\OML/cm
m/m/it/10.95 n[]\OT1/cmr/m/n/10.95 )\OML/cmm/m/it/10.95 asn \OMS/cmsy/m/n/10.95
 !
 []

[5

] [6] (./algorithms.aux) ) 
Here is how much of TeX's memory you used:
 2999 strings out of 494880
 42580 string characters out of 6179602
 107349 words of memory out of 5000000
 6283 multiletter control sequences out of 15000+600000
 11450 words of font info for 41 fonts, out of 8000000 for 9000
 36 hyphenation exceptions out of 8191
 41i,9n,25p,378b,282s stack positions out of 5000i,500n,10000p,200000b,80000s
</usr/share/texlive/texmf-dist/fonts/type1/public/ams
fonts/cm/cmbx10.pfb></usr/share/texlive/texmf-dist/fonts/type1/public/amsfonts/
cm/cmbx12.pfb></usr/share/texlive/texmf-dist/fonts/type1/public/amsfonts/cm/cme
x10.pfb></usr/share/texlive/texmf-dist/fonts/type1/public/amsfonts/cm/cmmi10.pf
b></usr/share/texlive/texmf-dist/fonts/type1/public/amsfonts/cm/cmmi8.pfb></usr
/share/texlive/texmf-dist/fonts/type1/public/amsfonts/cm/cmr10.pfb></usr/share/
texlive/texmf-dist/fonts/type1/public/amsfonts/cm/cmr12.pfb></usr/share/texlive
/texmf-dist/fonts/type1/public/amsfonts/cm/cmr8.pfb></usr/share/texlive/texmf-d
ist/fonts/type1/public/amsfonts/cm/cmsl10.pfb></usr/share/texlive/texmf-dist/fo
nts/type1/public/amsfonts/cm/cmsy10.pfb></usr/share/texlive/texmf-dist/fonts/ty
pe1/public/amsfonts/cm/cmtt10.pfb>
Output written on algorithms.pdf (6 pages, 131638 bytes).
PDF statistics:
 67 PDF objects out of 1000 (max. 8388607)
 47 compressed objects within 1 object stream
 0 named destinations out of 1000 (max. 500000)
 1 words of extra memory for PDF output out of 10000 (max. 10000000)

